2022-02-17 00:07:05.501 [org.springframework.kafka.KafkaListenerEndpointContainer#0-0-C-1] INFO  o.a.k.c.consumer.internals.ConsumerCoordinator - [Consumer clientId=consumer-im.notice-12, groupId=im.notice] Revoke previously assigned partitions beacon-0
2022-02-17 00:07:05.522 [org.springframework.kafka.KafkaListenerEndpointContainer#17-0-C-1] INFO  o.a.k.c.consumer.internals.ConsumerCoordinator - [Consumer clientId=consumer-mini_program.auth_code-9, groupId=mini_program.auth_code] Revoke previously assigned partitions beacon-0
2022-02-17 00:07:05.522 [org.springframework.kafka.KafkaListenerEndpointContainer#5-0-C-1] INFO  o.a.k.c.consumer.internals.ConsumerCoordinator - [Consumer clientId=consumer-push.auth_code-8, groupId=push.auth_code] Revoke previously assigned partitions beacon-0
2022-02-17 00:07:05.521 [org.springframework.kafka.KafkaListenerEndpointContainer#12-0-C-1] INFO  o.a.k.c.consumer.internals.ConsumerCoordinator - [Consumer clientId=consumer-official_accounts.notice-11, groupId=official_accounts.notice] Revoke previously assigned partitions beacon-0
2022-02-17 00:07:05.521 [org.springframework.kafka.KafkaListenerEndpointContainer#7-0-C-1] INFO  o.a.k.c.consumer.internals.ConsumerCoordinator - [Consumer clientId=consumer-sms.marketing-2, groupId=sms.marketing] Revoke previously assigned partitions beacon-0
2022-02-17 00:07:05.521 [org.springframework.kafka.KafkaListenerEndpointContainer#16-0-C-1] INFO  o.a.k.c.consumer.internals.ConsumerCoordinator - [Consumer clientId=consumer-mini_program.marketing-16, groupId=mini_program.marketing] Revoke previously assigned partitions beacon-0
2022-02-17 00:07:05.520 [org.springframework.kafka.KafkaListenerEndpointContainer#10-0-C-1] INFO  o.a.k.c.consumer.internals.ConsumerCoordinator - [Consumer clientId=consumer-email.marketing-14, groupId=email.marketing] Revoke previously assigned partitions beacon-0
2022-02-17 00:07:05.501 [org.springframework.kafka.KafkaListenerEndpointContainer#6-0-C-1] INFO  o.a.k.c.consumer.internals.ConsumerCoordinator - [Consumer clientId=consumer-sms.notice-1, groupId=sms.notice] Revoke previously assigned partitions beacon-0
2022-02-17 00:07:05.521 [org.springframework.kafka.KafkaListenerEndpointContainer#1-0-C-1] INFO  o.a.k.c.consumer.internals.ConsumerCoordinator - [Consumer clientId=consumer-im.marketing-13, groupId=im.marketing] Revoke previously assigned partitions beacon-0
2022-02-17 00:07:05.521 [org.springframework.kafka.KafkaListenerEndpointContainer#11-0-C-1] INFO  o.a.k.c.consumer.internals.ConsumerCoordinator - [Consumer clientId=consumer-email.auth_code-10, groupId=email.auth_code] Revoke previously assigned partitions beacon-0
2022-02-17 00:07:05.520 [org.springframework.kafka.KafkaListenerEndpointContainer#3-0-C-1] INFO  o.a.k.c.consumer.internals.ConsumerCoordinator - [Consumer clientId=consumer-push.notice-6, groupId=push.notice] Revoke previously assigned partitions beacon-0
2022-02-17 00:07:05.521 [org.springframework.kafka.KafkaListenerEndpointContainer#9-0-C-1] INFO  o.a.k.c.consumer.internals.ConsumerCoordinator - [Consumer clientId=consumer-email.notice-4, groupId=email.notice] Revoke previously assigned partitions beacon-0
2022-02-17 00:07:05.521 [org.springframework.kafka.KafkaListenerEndpointContainer#8-0-C-1] INFO  o.a.k.c.consumer.internals.ConsumerCoordinator - [Consumer clientId=consumer-sms.auth_code-3, groupId=sms.auth_code] Revoke previously assigned partitions beacon-0
2022-02-17 00:07:05.521 [org.springframework.kafka.KafkaListenerEndpointContainer#13-0-C-1] INFO  o.a.k.c.consumer.internals.ConsumerCoordinator - [Consumer clientId=consumer-official_accounts.marketing-17, groupId=official_accounts.marketing] Revoke previously assigned partitions beacon-0
2022-02-17 00:07:05.521 [org.springframework.kafka.KafkaListenerEndpointContainer#15-0-C-1] INFO  o.a.k.c.consumer.internals.ConsumerCoordinator - [Consumer clientId=consumer-mini_program.notice-15, groupId=mini_program.notice] Revoke previously assigned partitions beacon-0
2022-02-17 00:07:05.521 [org.springframework.kafka.KafkaListenerEndpointContainer#14-0-C-1] INFO  o.a.k.c.consumer.internals.ConsumerCoordinator - [Consumer clientId=consumer-official_accounts.auth_code-18, groupId=official_accounts.auth_code] Revoke previously assigned partitions beacon-0
2022-02-17 00:07:05.521 [org.springframework.kafka.KafkaListenerEndpointContainer#2-0-C-1] INFO  o.a.k.c.consumer.internals.ConsumerCoordinator - [Consumer clientId=consumer-im.auth_code-5, groupId=im.auth_code] Revoke previously assigned partitions beacon-0
2022-02-17 00:07:05.520 [org.springframework.kafka.KafkaListenerEndpointContainer#4-0-C-1] INFO  o.a.k.c.consumer.internals.ConsumerCoordinator - [Consumer clientId=consumer-push.marketing-7, groupId=push.marketing] Revoke previously assigned partitions beacon-0
2022-02-17 00:07:05.712 [org.springframework.kafka.KafkaListenerEndpointContainer#1-0-C-1] INFO  o.s.kafka.listener.KafkaMessageListenerContainer - im.marketing: partitions revoked: [beacon-0]
2022-02-17 00:07:05.712 [org.springframework.kafka.KafkaListenerEndpointContainer#17-0-C-1] INFO  o.s.kafka.listener.KafkaMessageListenerContainer - mini_program.auth_code: partitions revoked: [beacon-0]
2022-02-17 00:07:05.712 [org.springframework.kafka.KafkaListenerEndpointContainer#11-0-C-1] INFO  o.s.kafka.listener.KafkaMessageListenerContainer - email.auth_code: partitions revoked: [beacon-0]
2022-02-17 00:07:05.712 [org.springframework.kafka.KafkaListenerEndpointContainer#0-0-C-1] INFO  o.s.kafka.listener.KafkaMessageListenerContainer - im.notice: partitions revoked: [beacon-0]
2022-02-17 00:07:05.712 [org.springframework.kafka.KafkaListenerEndpointContainer#2-0-C-1] INFO  o.s.kafka.listener.KafkaMessageListenerContainer - im.auth_code: partitions revoked: [beacon-0]
2022-02-17 00:07:05.713 [org.springframework.kafka.KafkaListenerEndpointContainer#6-0-C-1] INFO  o.s.kafka.listener.KafkaMessageListenerContainer - sms.notice: partitions revoked: [beacon-0]
2022-02-17 00:07:05.712 [org.springframework.kafka.KafkaListenerEndpointContainer#7-0-C-1] INFO  o.s.kafka.listener.KafkaMessageListenerContainer - sms.marketing: partitions revoked: [beacon-0]
2022-02-17 00:07:05.712 [org.springframework.kafka.KafkaListenerEndpointContainer#16-0-C-1] INFO  o.s.kafka.listener.KafkaMessageListenerContainer - mini_program.marketing: partitions revoked: [beacon-0]
2022-02-17 00:07:05.713 [org.springframework.kafka.KafkaListenerEndpointContainer#12-0-C-1] INFO  o.s.kafka.listener.KafkaMessageListenerContainer - official_accounts.notice: partitions revoked: [beacon-0]
2022-02-17 00:07:05.713 [org.springframework.kafka.KafkaListenerEndpointContainer#15-0-C-1] INFO  o.s.kafka.listener.KafkaMessageListenerContainer - mini_program.notice: partitions revoked: [beacon-0]
2022-02-17 00:07:05.713 [org.springframework.kafka.KafkaListenerEndpointContainer#10-0-C-1] INFO  o.s.kafka.listener.KafkaMessageListenerContainer - email.marketing: partitions revoked: [beacon-0]
2022-02-17 00:07:05.712 [org.springframework.kafka.KafkaListenerEndpointContainer#5-0-C-1] INFO  o.s.kafka.listener.KafkaMessageListenerContainer - push.auth_code: partitions revoked: [beacon-0]
2022-02-17 00:07:05.714 [org.springframework.kafka.KafkaListenerEndpointContainer#13-0-C-1] INFO  o.s.kafka.listener.KafkaMessageListenerContainer - official_accounts.marketing: partitions revoked: [beacon-0]
2022-02-17 00:07:05.714 [org.springframework.kafka.KafkaListenerEndpointContainer#4-0-C-1] INFO  o.s.kafka.listener.KafkaMessageListenerContainer - push.marketing: partitions revoked: [beacon-0]
2022-02-17 00:07:05.712 [org.springframework.kafka.KafkaListenerEndpointContainer#3-0-C-1] INFO  o.s.kafka.listener.KafkaMessageListenerContainer - push.notice: partitions revoked: [beacon-0]
2022-02-17 00:07:05.712 [org.springframework.kafka.KafkaListenerEndpointContainer#8-0-C-1] INFO  o.s.kafka.listener.KafkaMessageListenerContainer - sms.auth_code: partitions revoked: [beacon-0]
2022-02-17 00:07:05.714 [org.springframework.kafka.KafkaListenerEndpointContainer#5-0-C-1] INFO  o.a.k.c.consumer.internals.AbstractCoordinator - [Consumer clientId=consumer-push.auth_code-8, groupId=push.auth_code] Member consumer-push.auth_code-8-56653f04-2cfd-4b84-8ab0-ee925d736e7f sending LeaveGroup request to coordinator 192.168.80.102:9092 (id: 2147483647 rack: null) due to the consumer unsubscribed from all topics
2022-02-17 00:07:05.714 [org.springframework.kafka.KafkaListenerEndpointContainer#8-0-C-1] INFO  o.a.k.c.consumer.internals.AbstractCoordinator - [Consumer clientId=consumer-sms.auth_code-3, groupId=sms.auth_code] Member consumer-sms.auth_code-3-ee5c87ec-d7b7-4448-b8f8-a6b397cb99da sending LeaveGroup request to coordinator 192.168.80.102:9092 (id: 2147483647 rack: null) due to the consumer unsubscribed from all topics
2022-02-17 00:07:05.714 [org.springframework.kafka.KafkaListenerEndpointContainer#13-0-C-1] INFO  o.a.k.c.consumer.internals.AbstractCoordinator - [Consumer clientId=consumer-official_accounts.marketing-17, groupId=official_accounts.marketing] Member consumer-official_accounts.marketing-17-9ad9695e-8cd7-4d1f-ae25-546c473dc687 sending LeaveGroup request to coordinator 192.168.80.102:9092 (id: 2147483647 rack: null) due to the consumer unsubscribed from all topics
2022-02-17 00:07:05.714 [org.springframework.kafka.KafkaListenerEndpointContainer#4-0-C-1] INFO  o.a.k.c.consumer.internals.AbstractCoordinator - [Consumer clientId=consumer-push.marketing-7, groupId=push.marketing] Member consumer-push.marketing-7-7c1f5797-c7f2-46e9-90a8-00625b0dd827 sending LeaveGroup request to coordinator 192.168.80.102:9092 (id: 2147483647 rack: null) due to the consumer unsubscribed from all topics
2022-02-17 00:07:05.714 [org.springframework.kafka.KafkaListenerEndpointContainer#2-0-C-1] INFO  o.a.k.c.consumer.internals.AbstractCoordinator - [Consumer clientId=consumer-im.auth_code-5, groupId=im.auth_code] Member consumer-im.auth_code-5-c9afae7a-e5bf-474e-9257-c9f268bf5a13 sending LeaveGroup request to coordinator 192.168.80.102:9092 (id: 2147483647 rack: null) due to the consumer unsubscribed from all topics
2022-02-17 00:07:05.714 [org.springframework.kafka.KafkaListenerEndpointContainer#16-0-C-1] INFO  o.a.k.c.consumer.internals.AbstractCoordinator - [Consumer clientId=consumer-mini_program.marketing-16, groupId=mini_program.marketing] Member consumer-mini_program.marketing-16-fca85914-454b-462b-90d3-1f4d54c519e6 sending LeaveGroup request to coordinator 192.168.80.102:9092 (id: 2147483647 rack: null) due to the consumer unsubscribed from all topics
2022-02-17 00:07:05.715 [org.springframework.kafka.KafkaListenerEndpointContainer#15-0-C-1] INFO  o.a.k.c.consumer.internals.AbstractCoordinator - [Consumer clientId=consumer-mini_program.notice-15, groupId=mini_program.notice] Member consumer-mini_program.notice-15-68ab338f-5ff7-4642-9270-0689f188ee1d sending LeaveGroup request to coordinator 192.168.80.102:9092 (id: 2147483647 rack: null) due to the consumer unsubscribed from all topics
2022-02-17 00:07:05.715 [org.springframework.kafka.KafkaListenerEndpointContainer#17-0-C-1] INFO  o.a.k.c.consumer.internals.AbstractCoordinator - [Consumer clientId=consumer-mini_program.auth_code-9, groupId=mini_program.auth_code] Member consumer-mini_program.auth_code-9-bd579a46-c804-4dad-be27-039a5501d336 sending LeaveGroup request to coordinator 192.168.80.102:9092 (id: 2147483647 rack: null) due to the consumer unsubscribed from all topics
2022-02-17 00:07:05.715 [org.springframework.kafka.KafkaListenerEndpointContainer#1-0-C-1] INFO  o.a.k.c.consumer.internals.AbstractCoordinator - [Consumer clientId=consumer-im.marketing-13, groupId=im.marketing] Member consumer-im.marketing-13-34caf12a-5ed1-4f27-b401-9b18d9d18ea0 sending LeaveGroup request to coordinator 192.168.80.102:9092 (id: 2147483647 rack: null) due to the consumer unsubscribed from all topics
2022-02-17 00:07:05.715 [org.springframework.kafka.KafkaListenerEndpointContainer#12-0-C-1] INFO  o.a.k.c.consumer.internals.AbstractCoordinator - [Consumer clientId=consumer-official_accounts.notice-11, groupId=official_accounts.notice] Member consumer-official_accounts.notice-11-bb57f1b5-efa5-405f-ba76-48cdf4238263 sending LeaveGroup request to coordinator 192.168.80.102:9092 (id: 2147483647 rack: null) due to the consumer unsubscribed from all topics
2022-02-17 00:07:05.715 [org.springframework.kafka.KafkaListenerEndpointContainer#7-0-C-1] INFO  o.a.k.c.consumer.internals.AbstractCoordinator - [Consumer clientId=consumer-sms.marketing-2, groupId=sms.marketing] Member consumer-sms.marketing-2-e7ccd140-f0fd-4fcf-9cb3-7a8476870596 sending LeaveGroup request to coordinator 192.168.80.102:9092 (id: 2147483647 rack: null) due to the consumer unsubscribed from all topics
2022-02-17 00:07:05.714 [org.springframework.kafka.KafkaListenerEndpointContainer#11-0-C-1] INFO  o.a.k.c.consumer.internals.AbstractCoordinator - [Consumer clientId=consumer-email.auth_code-10, groupId=email.auth_code] Member consumer-email.auth_code-10-dcd4b74d-6d15-4998-8f89-0d39f789d239 sending LeaveGroup request to coordinator 192.168.80.102:9092 (id: 2147483647 rack: null) due to the consumer unsubscribed from all topics
2022-02-17 00:07:05.715 [org.springframework.kafka.KafkaListenerEndpointContainer#6-0-C-1] INFO  o.a.k.c.consumer.internals.AbstractCoordinator - [Consumer clientId=consumer-sms.notice-1, groupId=sms.notice] Member consumer-sms.notice-1-4bb49e26-ef04-4dc1-9c8e-caa611276a4f sending LeaveGroup request to coordinator 192.168.80.102:9092 (id: 2147483647 rack: null) due to the consumer unsubscribed from all topics
2022-02-17 00:07:05.715 [org.springframework.kafka.KafkaListenerEndpointContainer#0-0-C-1] INFO  o.a.k.c.consumer.internals.AbstractCoordinator - [Consumer clientId=consumer-im.notice-12, groupId=im.notice] Member consumer-im.notice-12-db08265e-cc99-4e7b-a4f3-b46e18895abd sending LeaveGroup request to coordinator 192.168.80.102:9092 (id: 2147483647 rack: null) due to the consumer unsubscribed from all topics
2022-02-17 00:07:05.715 [org.springframework.kafka.KafkaListenerEndpointContainer#3-0-C-1] INFO  o.a.k.c.consumer.internals.AbstractCoordinator - [Consumer clientId=consumer-push.notice-6, groupId=push.notice] Member consumer-push.notice-6-fcc1a74a-68a5-4d0c-a5cc-103550b42f1e sending LeaveGroup request to coordinator 192.168.80.102:9092 (id: 2147483647 rack: null) due to the consumer unsubscribed from all topics
2022-02-17 00:07:05.715 [org.springframework.kafka.KafkaListenerEndpointContainer#10-0-C-1] INFO  o.a.k.c.consumer.internals.AbstractCoordinator - [Consumer clientId=consumer-email.marketing-14, groupId=email.marketing] Member consumer-email.marketing-14-feb71454-a972-467d-a902-9a25f3ffc716 sending LeaveGroup request to coordinator 192.168.80.102:9092 (id: 2147483647 rack: null) due to the consumer unsubscribed from all topics
2022-02-17 00:07:05.715 [org.springframework.kafka.KafkaListenerEndpointContainer#14-0-C-1] INFO  o.s.kafka.listener.KafkaMessageListenerContainer - official_accounts.auth_code: partitions revoked: [beacon-0]
2022-02-17 00:07:05.715 [org.springframework.kafka.KafkaListenerEndpointContainer#9-0-C-1] INFO  o.s.kafka.listener.KafkaMessageListenerContainer - email.notice: partitions revoked: [beacon-0]
2022-02-17 00:07:05.716 [org.springframework.kafka.KafkaListenerEndpointContainer#14-0-C-1] INFO  o.a.k.c.consumer.internals.AbstractCoordinator - [Consumer clientId=consumer-official_accounts.auth_code-18, groupId=official_accounts.auth_code] Member consumer-official_accounts.auth_code-18-496d0493-8bc5-4a0a-95d1-db88eb9df97d sending LeaveGroup request to coordinator 192.168.80.102:9092 (id: 2147483647 rack: null) due to the consumer unsubscribed from all topics
2022-02-17 00:07:05.716 [org.springframework.kafka.KafkaListenerEndpointContainer#9-0-C-1] INFO  o.a.k.c.consumer.internals.AbstractCoordinator - [Consumer clientId=consumer-email.notice-4, groupId=email.notice] Member consumer-email.notice-4-d43a6ed4-a3ff-479a-a6ad-26b13fe37c0e sending LeaveGroup request to coordinator 192.168.80.102:9092 (id: 2147483647 rack: null) due to the consumer unsubscribed from all topics
2022-02-17 00:07:05.809 [org.springframework.kafka.KafkaListenerEndpointContainer#9-0-C-1] INFO  org.apache.kafka.clients.consumer.KafkaConsumer - [Consumer clientId=consumer-email.notice-4, groupId=email.notice] Unsubscribed all topics or patterns and assigned partitions
2022-02-17 00:07:05.910 [org.springframework.kafka.KafkaListenerEndpointContainer#0-0-C-1] INFO  org.apache.kafka.clients.consumer.KafkaConsumer - [Consumer clientId=consumer-im.notice-12, groupId=im.notice] Unsubscribed all topics or patterns and assigned partitions
2022-02-17 00:07:05.910 [org.springframework.kafka.KafkaListenerEndpointContainer#12-0-C-1] INFO  org.apache.kafka.clients.consumer.KafkaConsumer - [Consumer clientId=consumer-official_accounts.notice-11, groupId=official_accounts.notice] Unsubscribed all topics or patterns and assigned partitions
2022-02-17 00:07:05.910 [org.springframework.kafka.KafkaListenerEndpointContainer#8-0-C-1] INFO  org.apache.kafka.clients.consumer.KafkaConsumer - [Consumer clientId=consumer-sms.auth_code-3, groupId=sms.auth_code] Unsubscribed all topics or patterns and assigned partitions
2022-02-17 00:07:05.910 [org.springframework.kafka.KafkaListenerEndpointContainer#14-0-C-1] INFO  org.apache.kafka.clients.consumer.KafkaConsumer - [Consumer clientId=consumer-official_accounts.auth_code-18, groupId=official_accounts.auth_code] Unsubscribed all topics or patterns and assigned partitions
2022-02-17 00:07:05.910 [org.springframework.kafka.KafkaListenerEndpointContainer#10-0-C-1] INFO  org.apache.kafka.clients.consumer.KafkaConsumer - [Consumer clientId=consumer-email.marketing-14, groupId=email.marketing] Unsubscribed all topics or patterns and assigned partitions
2022-02-17 00:07:05.910 [org.springframework.kafka.KafkaListenerEndpointContainer#16-0-C-1] INFO  org.apache.kafka.clients.consumer.KafkaConsumer - [Consumer clientId=consumer-mini_program.marketing-16, groupId=mini_program.marketing] Unsubscribed all topics or patterns and assigned partitions
2022-02-17 00:07:05.910 [org.springframework.kafka.KafkaListenerEndpointContainer#1-0-C-1] INFO  org.apache.kafka.clients.consumer.KafkaConsumer - [Consumer clientId=consumer-im.marketing-13, groupId=im.marketing] Unsubscribed all topics or patterns and assigned partitions
2022-02-17 00:07:05.910 [org.springframework.kafka.KafkaListenerEndpointContainer#3-0-C-1] INFO  org.apache.kafka.clients.consumer.KafkaConsumer - [Consumer clientId=consumer-push.notice-6, groupId=push.notice] Unsubscribed all topics or patterns and assigned partitions
2022-02-17 00:07:05.911 [org.springframework.kafka.KafkaListenerEndpointContainer#11-0-C-1] INFO  org.apache.kafka.clients.consumer.KafkaConsumer - [Consumer clientId=consumer-email.auth_code-10, groupId=email.auth_code] Unsubscribed all topics or patterns and assigned partitions
2022-02-17 00:07:05.910 [org.springframework.kafka.KafkaListenerEndpointContainer#13-0-C-1] INFO  org.apache.kafka.clients.consumer.KafkaConsumer - [Consumer clientId=consumer-official_accounts.marketing-17, groupId=official_accounts.marketing] Unsubscribed all topics or patterns and assigned partitions
2022-02-17 00:07:05.911 [org.springframework.kafka.KafkaListenerEndpointContainer#17-0-C-1] INFO  org.apache.kafka.clients.consumer.KafkaConsumer - [Consumer clientId=consumer-mini_program.auth_code-9, groupId=mini_program.auth_code] Unsubscribed all topics or patterns and assigned partitions
2022-02-17 00:07:05.910 [org.springframework.kafka.KafkaListenerEndpointContainer#4-0-C-1] INFO  org.apache.kafka.clients.consumer.KafkaConsumer - [Consumer clientId=consumer-push.marketing-7, groupId=push.marketing] Unsubscribed all topics or patterns and assigned partitions
2022-02-17 00:07:05.912 [org.springframework.kafka.KafkaListenerEndpointContainer#5-0-C-1] INFO  org.apache.kafka.clients.consumer.KafkaConsumer - [Consumer clientId=consumer-push.auth_code-8, groupId=push.auth_code] Unsubscribed all topics or patterns and assigned partitions
2022-02-17 00:07:05.914 [org.springframework.kafka.KafkaListenerEndpointContainer#15-0-C-1] INFO  org.apache.kafka.clients.consumer.KafkaConsumer - [Consumer clientId=consumer-mini_program.notice-15, groupId=mini_program.notice] Unsubscribed all topics or patterns and assigned partitions
2022-02-17 00:07:05.915 [org.springframework.kafka.KafkaListenerEndpointContainer#2-0-C-1] INFO  org.apache.kafka.clients.consumer.KafkaConsumer - [Consumer clientId=consumer-im.auth_code-5, groupId=im.auth_code] Unsubscribed all topics or patterns and assigned partitions
2022-02-17 00:07:05.915 [org.springframework.kafka.KafkaListenerEndpointContainer#6-0-C-1] INFO  org.apache.kafka.clients.consumer.KafkaConsumer - [Consumer clientId=consumer-sms.notice-1, groupId=sms.notice] Unsubscribed all topics or patterns and assigned partitions
2022-02-17 00:07:05.916 [org.springframework.kafka.KafkaListenerEndpointContainer#7-0-C-1] INFO  org.apache.kafka.clients.consumer.KafkaConsumer - [Consumer clientId=consumer-sms.marketing-2, groupId=sms.marketing] Unsubscribed all topics or patterns and assigned partitions
2022-02-17 00:07:06.366 [org.springframework.kafka.KafkaListenerEndpointContainer#1-0-C-1] INFO  org.apache.kafka.common.metrics.Metrics - Metrics scheduler closed
2022-02-17 00:07:06.367 [org.springframework.kafka.KafkaListenerEndpointContainer#8-0-C-1] INFO  org.apache.kafka.common.metrics.Metrics - Metrics scheduler closed
2022-02-17 00:07:06.367 [org.springframework.kafka.KafkaListenerEndpointContainer#1-0-C-1] INFO  org.apache.kafka.common.metrics.Metrics - Closing reporter org.apache.kafka.common.metrics.JmxReporter
2022-02-17 00:07:06.367 [org.springframework.kafka.KafkaListenerEndpointContainer#8-0-C-1] INFO  org.apache.kafka.common.metrics.Metrics - Closing reporter org.apache.kafka.common.metrics.JmxReporter
2022-02-17 00:07:06.367 [org.springframework.kafka.KafkaListenerEndpointContainer#12-0-C-1] INFO  org.apache.kafka.common.metrics.Metrics - Metrics scheduler closed
2022-02-17 00:07:06.367 [org.springframework.kafka.KafkaListenerEndpointContainer#12-0-C-1] INFO  org.apache.kafka.common.metrics.Metrics - Closing reporter org.apache.kafka.common.metrics.JmxReporter
2022-02-17 00:07:06.367 [org.springframework.kafka.KafkaListenerEndpointContainer#6-0-C-1] INFO  org.apache.kafka.common.metrics.Metrics - Metrics scheduler closed
2022-02-17 00:07:06.367 [org.springframework.kafka.KafkaListenerEndpointContainer#6-0-C-1] INFO  org.apache.kafka.common.metrics.Metrics - Closing reporter org.apache.kafka.common.metrics.JmxReporter
2022-02-17 00:07:06.368 [org.springframework.kafka.KafkaListenerEndpointContainer#1-0-C-1] INFO  org.apache.kafka.common.metrics.Metrics - Metrics reporters closed
2022-02-17 00:07:06.368 [org.springframework.kafka.KafkaListenerEndpointContainer#17-0-C-1] INFO  org.apache.kafka.common.metrics.Metrics - Metrics scheduler closed
2022-02-17 00:07:06.368 [org.springframework.kafka.KafkaListenerEndpointContainer#17-0-C-1] INFO  org.apache.kafka.common.metrics.Metrics - Closing reporter org.apache.kafka.common.metrics.JmxReporter
2022-02-17 00:07:06.368 [org.springframework.kafka.KafkaListenerEndpointContainer#16-0-C-1] INFO  org.apache.kafka.common.metrics.Metrics - Metrics scheduler closed
2022-02-17 00:07:06.369 [org.springframework.kafka.KafkaListenerEndpointContainer#16-0-C-1] INFO  org.apache.kafka.common.metrics.Metrics - Closing reporter org.apache.kafka.common.metrics.JmxReporter
2022-02-17 00:07:06.369 [org.springframework.kafka.KafkaListenerEndpointContainer#10-0-C-1] INFO  org.apache.kafka.common.metrics.Metrics - Metrics scheduler closed
2022-02-17 00:07:06.369 [org.springframework.kafka.KafkaListenerEndpointContainer#17-0-C-1] INFO  org.apache.kafka.common.metrics.Metrics - Metrics reporters closed
2022-02-17 00:07:06.369 [org.springframework.kafka.KafkaListenerEndpointContainer#6-0-C-1] INFO  org.apache.kafka.common.metrics.Metrics - Metrics reporters closed
2022-02-17 00:07:06.369 [org.springframework.kafka.KafkaListenerEndpointContainer#8-0-C-1] INFO  org.apache.kafka.common.metrics.Metrics - Metrics reporters closed
2022-02-17 00:07:06.369 [org.springframework.kafka.KafkaListenerEndpointContainer#10-0-C-1] INFO  org.apache.kafka.common.metrics.Metrics - Closing reporter org.apache.kafka.common.metrics.JmxReporter
2022-02-17 00:07:06.369 [org.springframework.kafka.KafkaListenerEndpointContainer#12-0-C-1] INFO  org.apache.kafka.common.metrics.Metrics - Metrics reporters closed
2022-02-17 00:07:06.369 [org.springframework.kafka.KafkaListenerEndpointContainer#10-0-C-1] INFO  org.apache.kafka.common.metrics.Metrics - Metrics reporters closed
2022-02-17 00:07:06.370 [org.springframework.kafka.KafkaListenerEndpointContainer#7-0-C-1] INFO  org.apache.kafka.common.metrics.Metrics - Metrics scheduler closed
2022-02-17 00:07:06.370 [org.springframework.kafka.KafkaListenerEndpointContainer#5-0-C-1] INFO  org.apache.kafka.common.metrics.Metrics - Metrics scheduler closed
2022-02-17 00:07:06.370 [org.springframework.kafka.KafkaListenerEndpointContainer#7-0-C-1] INFO  org.apache.kafka.common.metrics.Metrics - Closing reporter org.apache.kafka.common.metrics.JmxReporter
2022-02-17 00:07:06.370 [org.springframework.kafka.KafkaListenerEndpointContainer#14-0-C-1] INFO  org.apache.kafka.common.metrics.Metrics - Metrics scheduler closed
2022-02-17 00:07:06.370 [org.springframework.kafka.KafkaListenerEndpointContainer#5-0-C-1] INFO  org.apache.kafka.common.metrics.Metrics - Closing reporter org.apache.kafka.common.metrics.JmxReporter
2022-02-17 00:07:06.370 [org.springframework.kafka.KafkaListenerEndpointContainer#14-0-C-1] INFO  org.apache.kafka.common.metrics.Metrics - Closing reporter org.apache.kafka.common.metrics.JmxReporter
2022-02-17 00:07:06.370 [org.springframework.kafka.KafkaListenerEndpointContainer#9-0-C-1] INFO  org.apache.kafka.common.metrics.Metrics - Metrics scheduler closed
2022-02-17 00:07:06.370 [org.springframework.kafka.KafkaListenerEndpointContainer#0-0-C-1] INFO  org.apache.kafka.common.metrics.Metrics - Metrics scheduler closed
2022-02-17 00:07:06.370 [org.springframework.kafka.KafkaListenerEndpointContainer#2-0-C-1] INFO  org.apache.kafka.common.metrics.Metrics - Metrics scheduler closed
2022-02-17 00:07:06.370 [org.springframework.kafka.KafkaListenerEndpointContainer#14-0-C-1] INFO  org.apache.kafka.common.metrics.Metrics - Metrics reporters closed
2022-02-17 00:07:06.370 [org.springframework.kafka.KafkaListenerEndpointContainer#9-0-C-1] INFO  org.apache.kafka.common.metrics.Metrics - Closing reporter org.apache.kafka.common.metrics.JmxReporter
2022-02-17 00:07:06.370 [org.springframework.kafka.KafkaListenerEndpointContainer#0-0-C-1] INFO  org.apache.kafka.common.metrics.Metrics - Closing reporter org.apache.kafka.common.metrics.JmxReporter
2022-02-17 00:07:06.370 [org.springframework.kafka.KafkaListenerEndpointContainer#16-0-C-1] INFO  org.apache.kafka.common.metrics.Metrics - Metrics reporters closed
2022-02-17 00:07:06.371 [org.springframework.kafka.KafkaListenerEndpointContainer#15-0-C-1] INFO  org.apache.kafka.common.metrics.Metrics - Metrics scheduler closed
2022-02-17 00:07:06.371 [org.springframework.kafka.KafkaListenerEndpointContainer#0-0-C-1] INFO  org.apache.kafka.common.metrics.Metrics - Metrics reporters closed
2022-02-17 00:07:06.371 [org.springframework.kafka.KafkaListenerEndpointContainer#9-0-C-1] INFO  org.apache.kafka.common.metrics.Metrics - Metrics reporters closed
2022-02-17 00:07:06.371 [org.springframework.kafka.KafkaListenerEndpointContainer#15-0-C-1] INFO  org.apache.kafka.common.metrics.Metrics - Closing reporter org.apache.kafka.common.metrics.JmxReporter
2022-02-17 00:07:06.371 [org.springframework.kafka.KafkaListenerEndpointContainer#2-0-C-1] INFO  org.apache.kafka.common.metrics.Metrics - Closing reporter org.apache.kafka.common.metrics.JmxReporter
2022-02-17 00:07:06.371 [org.springframework.kafka.KafkaListenerEndpointContainer#5-0-C-1] INFO  org.apache.kafka.common.metrics.Metrics - Metrics reporters closed
2022-02-17 00:07:06.371 [org.springframework.kafka.KafkaListenerEndpointContainer#7-0-C-1] INFO  org.apache.kafka.common.metrics.Metrics - Metrics reporters closed
2022-02-17 00:07:06.371 [org.springframework.kafka.KafkaListenerEndpointContainer#3-0-C-1] INFO  org.apache.kafka.common.metrics.Metrics - Metrics scheduler closed
2022-02-17 00:07:06.371 [org.springframework.kafka.KafkaListenerEndpointContainer#15-0-C-1] INFO  org.apache.kafka.common.metrics.Metrics - Metrics reporters closed
2022-02-17 00:07:06.371 [org.springframework.kafka.KafkaListenerEndpointContainer#2-0-C-1] INFO  org.apache.kafka.common.metrics.Metrics - Metrics reporters closed
2022-02-17 00:07:06.371 [org.springframework.kafka.KafkaListenerEndpointContainer#3-0-C-1] INFO  org.apache.kafka.common.metrics.Metrics - Closing reporter org.apache.kafka.common.metrics.JmxReporter
2022-02-17 00:07:06.371 [org.springframework.kafka.KafkaListenerEndpointContainer#4-0-C-1] INFO  org.apache.kafka.common.metrics.Metrics - Metrics scheduler closed
2022-02-17 00:07:06.372 [org.springframework.kafka.KafkaListenerEndpointContainer#3-0-C-1] INFO  org.apache.kafka.common.metrics.Metrics - Metrics reporters closed
2022-02-17 00:07:06.372 [org.springframework.kafka.KafkaListenerEndpointContainer#4-0-C-1] INFO  org.apache.kafka.common.metrics.Metrics - Closing reporter org.apache.kafka.common.metrics.JmxReporter
2022-02-17 00:07:06.372 [org.springframework.kafka.KafkaListenerEndpointContainer#4-0-C-1] INFO  org.apache.kafka.common.metrics.Metrics - Metrics reporters closed
2022-02-17 00:07:06.396 [org.springframework.kafka.KafkaListenerEndpointContainer#4-0-C-1] INFO  org.apache.kafka.common.utils.AppInfoParser - App info kafka.consumer for consumer-push.marketing-7 unregistered
2022-02-17 00:07:06.398 [org.springframework.kafka.KafkaListenerEndpointContainer#17-0-C-1] INFO  org.apache.kafka.common.utils.AppInfoParser - App info kafka.consumer for consumer-mini_program.auth_code-9 unregistered
2022-02-17 00:07:06.400 [org.springframework.kafka.KafkaListenerEndpointContainer#17-0-C-1] INFO  o.s.k.l.KafkaMessageListenerContainer$ListenerConsumer - mini_program.auth_code: Consumer stopped
2022-02-17 00:07:06.400 [org.springframework.kafka.KafkaListenerEndpointContainer#4-0-C-1] INFO  o.s.k.l.KafkaMessageListenerContainer$ListenerConsumer - push.marketing: Consumer stopped
2022-02-17 00:07:06.401 [org.springframework.kafka.KafkaListenerEndpointContainer#9-0-C-1] INFO  org.apache.kafka.common.utils.AppInfoParser - App info kafka.consumer for consumer-email.notice-4 unregistered
2022-02-17 00:07:06.401 [org.springframework.kafka.KafkaListenerEndpointContainer#9-0-C-1] INFO  o.s.k.l.KafkaMessageListenerContainer$ListenerConsumer - email.notice: Consumer stopped
2022-02-17 00:07:06.402 [org.springframework.kafka.KafkaListenerEndpointContainer#10-0-C-1] INFO  org.apache.kafka.common.utils.AppInfoParser - App info kafka.consumer for consumer-email.marketing-14 unregistered
2022-02-17 00:07:06.402 [org.springframework.kafka.KafkaListenerEndpointContainer#10-0-C-1] INFO  o.s.k.l.KafkaMessageListenerContainer$ListenerConsumer - email.marketing: Consumer stopped
2022-02-17 00:07:06.403 [org.springframework.kafka.KafkaListenerEndpointContainer#1-0-C-1] INFO  org.apache.kafka.common.utils.AppInfoParser - App info kafka.consumer for consumer-im.marketing-13 unregistered
2022-02-17 00:07:06.403 [org.springframework.kafka.KafkaListenerEndpointContainer#1-0-C-1] INFO  o.s.k.l.KafkaMessageListenerContainer$ListenerConsumer - im.marketing: Consumer stopped
2022-02-17 00:07:06.403 [org.springframework.kafka.KafkaListenerEndpointContainer#16-0-C-1] INFO  org.apache.kafka.common.utils.AppInfoParser - App info kafka.consumer for consumer-mini_program.marketing-16 unregistered
2022-02-17 00:07:06.403 [org.springframework.kafka.KafkaListenerEndpointContainer#16-0-C-1] INFO  o.s.k.l.KafkaMessageListenerContainer$ListenerConsumer - mini_program.marketing: Consumer stopped
2022-02-17 00:07:06.404 [org.springframework.kafka.KafkaListenerEndpointContainer#5-0-C-1] INFO  org.apache.kafka.common.utils.AppInfoParser - App info kafka.consumer for consumer-push.auth_code-8 unregistered
2022-02-17 00:07:06.404 [org.springframework.kafka.KafkaListenerEndpointContainer#5-0-C-1] INFO  o.s.k.l.KafkaMessageListenerContainer$ListenerConsumer - push.auth_code: Consumer stopped
2022-02-17 00:07:06.404 [org.springframework.kafka.KafkaListenerEndpointContainer#8-0-C-1] INFO  org.apache.kafka.common.utils.AppInfoParser - App info kafka.consumer for consumer-sms.auth_code-3 unregistered
2022-02-17 00:07:06.404 [org.springframework.kafka.KafkaListenerEndpointContainer#8-0-C-1] INFO  o.s.k.l.KafkaMessageListenerContainer$ListenerConsumer - sms.auth_code: Consumer stopped
2022-02-17 00:07:06.404 [org.springframework.kafka.KafkaListenerEndpointContainer#0-0-C-1] INFO  org.apache.kafka.common.utils.AppInfoParser - App info kafka.consumer for consumer-im.notice-12 unregistered
2022-02-17 00:07:06.404 [org.springframework.kafka.KafkaListenerEndpointContainer#0-0-C-1] INFO  o.s.k.l.KafkaMessageListenerContainer$ListenerConsumer - im.notice: Consumer stopped
2022-02-17 00:07:06.404 [org.springframework.kafka.KafkaListenerEndpointContainer#14-0-C-1] INFO  org.apache.kafka.common.utils.AppInfoParser - App info kafka.consumer for consumer-official_accounts.auth_code-18 unregistered
2022-02-17 00:07:06.404 [org.springframework.kafka.KafkaListenerEndpointContainer#14-0-C-1] INFO  o.s.k.l.KafkaMessageListenerContainer$ListenerConsumer - official_accounts.auth_code: Consumer stopped
2022-02-17 00:07:06.404 [org.springframework.kafka.KafkaListenerEndpointContainer#3-0-C-1] INFO  org.apache.kafka.common.utils.AppInfoParser - App info kafka.consumer for consumer-push.notice-6 unregistered
2022-02-17 00:07:06.404 [org.springframework.kafka.KafkaListenerEndpointContainer#3-0-C-1] INFO  o.s.k.l.KafkaMessageListenerContainer$ListenerConsumer - push.notice: Consumer stopped
2022-02-17 00:07:06.404 [org.springframework.kafka.KafkaListenerEndpointContainer#15-0-C-1] INFO  org.apache.kafka.common.utils.AppInfoParser - App info kafka.consumer for consumer-mini_program.notice-15 unregistered
2022-02-17 00:07:06.404 [org.springframework.kafka.KafkaListenerEndpointContainer#15-0-C-1] INFO  o.s.k.l.KafkaMessageListenerContainer$ListenerConsumer - mini_program.notice: Consumer stopped
2022-02-17 00:07:06.404 [org.springframework.kafka.KafkaListenerEndpointContainer#2-0-C-1] INFO  org.apache.kafka.common.utils.AppInfoParser - App info kafka.consumer for consumer-im.auth_code-5 unregistered
2022-02-17 00:07:06.404 [org.springframework.kafka.KafkaListenerEndpointContainer#2-0-C-1] INFO  o.s.k.l.KafkaMessageListenerContainer$ListenerConsumer - im.auth_code: Consumer stopped
2022-02-17 00:07:06.404 [org.springframework.kafka.KafkaListenerEndpointContainer#12-0-C-1] INFO  org.apache.kafka.common.utils.AppInfoParser - App info kafka.consumer for consumer-official_accounts.notice-11 unregistered
2022-02-17 00:07:06.404 [org.springframework.kafka.KafkaListenerEndpointContainer#12-0-C-1] INFO  o.s.k.l.KafkaMessageListenerContainer$ListenerConsumer - official_accounts.notice: Consumer stopped
2022-02-17 00:07:06.404 [org.springframework.kafka.KafkaListenerEndpointContainer#7-0-C-1] INFO  org.apache.kafka.common.utils.AppInfoParser - App info kafka.consumer for consumer-sms.marketing-2 unregistered
2022-02-17 00:07:06.404 [org.springframework.kafka.KafkaListenerEndpointContainer#7-0-C-1] INFO  o.s.k.l.KafkaMessageListenerContainer$ListenerConsumer - sms.marketing: Consumer stopped
2022-02-17 00:07:06.404 [org.springframework.kafka.KafkaListenerEndpointContainer#6-0-C-1] INFO  org.apache.kafka.common.utils.AppInfoParser - App info kafka.consumer for consumer-sms.notice-1 unregistered
2022-02-17 00:07:06.404 [org.springframework.kafka.KafkaListenerEndpointContainer#6-0-C-1] INFO  o.s.k.l.KafkaMessageListenerContainer$ListenerConsumer - sms.notice: Consumer stopped
2022-02-17 00:07:06.509 [org.springframework.kafka.KafkaListenerEndpointContainer#11-0-C-1] INFO  org.apache.kafka.common.metrics.Metrics - Metrics scheduler closed
2022-02-17 00:07:06.509 [org.springframework.kafka.KafkaListenerEndpointContainer#13-0-C-1] INFO  org.apache.kafka.common.metrics.Metrics - Metrics scheduler closed
2022-02-17 00:07:06.509 [org.springframework.kafka.KafkaListenerEndpointContainer#11-0-C-1] INFO  org.apache.kafka.common.metrics.Metrics - Closing reporter org.apache.kafka.common.metrics.JmxReporter
2022-02-17 00:07:06.509 [org.springframework.kafka.KafkaListenerEndpointContainer#13-0-C-1] INFO  org.apache.kafka.common.metrics.Metrics - Closing reporter org.apache.kafka.common.metrics.JmxReporter
2022-02-17 00:07:06.509 [org.springframework.kafka.KafkaListenerEndpointContainer#11-0-C-1] INFO  org.apache.kafka.common.metrics.Metrics - Metrics reporters closed
2022-02-17 00:07:06.509 [org.springframework.kafka.KafkaListenerEndpointContainer#13-0-C-1] INFO  org.apache.kafka.common.metrics.Metrics - Metrics reporters closed
2022-02-17 00:07:06.512 [org.springframework.kafka.KafkaListenerEndpointContainer#13-0-C-1] INFO  org.apache.kafka.common.utils.AppInfoParser - App info kafka.consumer for consumer-official_accounts.marketing-17 unregistered
2022-02-17 00:07:06.512 [org.springframework.kafka.KafkaListenerEndpointContainer#13-0-C-1] INFO  o.s.k.l.KafkaMessageListenerContainer$ListenerConsumer - official_accounts.marketing: Consumer stopped
2022-02-17 00:07:06.513 [org.springframework.kafka.KafkaListenerEndpointContainer#11-0-C-1] INFO  org.apache.kafka.common.utils.AppInfoParser - App info kafka.consumer for consumer-email.auth_code-10 unregistered
2022-02-17 00:07:06.513 [org.springframework.kafka.KafkaListenerEndpointContainer#11-0-C-1] INFO  o.s.k.l.KafkaMessageListenerContainer$ListenerConsumer - email.auth_code: Consumer stopped
2022-02-17 00:07:08.082 [SpringApplicationShutdownHook] INFO  o.s.orm.jpa.LocalContainerEntityManagerFactoryBean - Closing JPA EntityManagerFactory for persistence unit 'default'
2022-02-17 00:07:08.299 [SpringApplicationShutdownHook] INFO  com.zaxxer.hikari.HikariDataSource - HikariPool-1 - Shutdown initiated...
2022-02-17 00:07:08.314 [SpringApplicationShutdownHook] INFO  com.zaxxer.hikari.HikariDataSource - HikariPool-1 - Shutdown completed.
