2022-01-17 15:07:04.079 [main] ERROR o.s.b.diagnostics.LoggingFailureAnalysisReporter - 

***************************
APPLICATION FAILED TO START
***************************

Description:

Failed to configure a DataSource: 'url' attribute is not specified and no embedded datasource could be configured.

Reason: Failed to determine a suitable driver class


Action:

Consider the following:
	If you want an embedded database (H2, HSQL or Derby), please put it on the classpath.
	If you have database settings to be loaded from a particular profile you may need to activate it (no profiles are currently active).

2022-01-17 15:16:52.847 [pool-10-thread-1] ERROR org.hibernate.engine.jdbc.spi.SqlExceptionHelper - Column 'message_content' cannot be null
2022-01-17 15:20:11.415 [pool-10-thread-1] ERROR org.hibernate.engine.jdbc.spi.SqlExceptionHelper - Column 'message_content' cannot be null
2022-01-17 15:22:14.406 [pool-10-thread-3] ERROR org.hibernate.engine.jdbc.spi.SqlExceptionHelper - Column 'message_content' cannot be null
2022-01-17 15:24:16.181 [pool-10-thread-5] ERROR org.hibernate.engine.jdbc.spi.SqlExceptionHelper - Column 'message_content' cannot be null
2022-01-17 15:46:00.090 [pool-13-thread-4] ERROR com.onebit.beacon.handler.EmailHandler - EmailHandler#handle fail! java.lang.NullPointerException
	at com.sun.mail.handlers.text_plain.writeTo(text_plain.java:133)
	at javax.activation.ObjectDataContentHandler.writeTo(DataHandler.java:889)
	at javax.activation.DataHandler.writeTo(DataHandler.java:317)
	at javax.mail.internet.MimeUtility.getEncoding(MimeUtility.java:340)
	at javax.mail.internet.MimeBodyPart.updateHeaders(MimeBodyPart.java:1575)
	at javax.mail.internet.MimeBodyPart.updateHeaders(MimeBodyPart.java:1172)
	at javax.mail.internet.MimeMultipart.updateHeaders(MimeMultipart.java:522)
	at javax.mail.internet.MimeBodyPart.updateHeaders(MimeBodyPart.java:1533)
	at javax.mail.internet.MimeMessage.updateHeaders(MimeMessage.java:2271)
	at javax.mail.internet.MimeMessage.saveChanges(MimeMessage.java:2231)
	at javax.mail.Transport.send(Transport.java:123)
	at cn.hutool.extra.mail.Mail.doSend(Mail.java:407)
	at cn.hutool.extra.mail.Mail.send(Mail.java:385)
	at cn.hutool.extra.mail.MailUtil.send(MailUtil.java:416)
	at cn.hutool.extra.mail.MailUtil.send(MailUtil.java:194)
	at cn.hutool.extra.mail.MailUtil.send(MailUtil.java:176)
	at com.onebit.beacon.handler.EmailHandler.handle(EmailHandler.java:38)
	at com.onebit.beacon.handler.Handler.doHandle(Handler.java:33)
	at com.onebit.beacon.pending.Task.run(Task.java:44)
	at java.util.concurrent.ThreadPoolExecutor.runWorker(ThreadPoolExecutor.java:1149)
	at java.util.concurrent.ThreadPoolExecutor$Worker.run(ThreadPoolExecutor.java:624)
	at java.lang.Thread.run(Thread.java:748)
, params: TaskInfo(messageTemplateId=2, businessId=2000000220220117, receiver=[15623014301], idType=10, sendChannel=40, templateType=20, msgType=30, contentModel=EmailContentModel(title=6666164180, content=null), sendAccount=10, deduplicationTime=1, isNightShield=0)
2022-01-17 15:52:27.908 [pool-13-thread-5] ERROR com.onebit.beacon.handler.EmailHandler - EmailHandler#handle fail! java.lang.NullPointerException
	at com.sun.mail.handlers.text_plain.writeTo(text_plain.java:133)
	at javax.activation.ObjectDataContentHandler.writeTo(DataHandler.java:889)
	at javax.activation.DataHandler.writeTo(DataHandler.java:317)
	at javax.mail.internet.MimeUtility.getEncoding(MimeUtility.java:340)
	at javax.mail.internet.MimeBodyPart.updateHeaders(MimeBodyPart.java:1575)
	at javax.mail.internet.MimeBodyPart.updateHeaders(MimeBodyPart.java:1172)
	at javax.mail.internet.MimeMultipart.updateHeaders(MimeMultipart.java:522)
	at javax.mail.internet.MimeBodyPart.updateHeaders(MimeBodyPart.java:1533)
	at javax.mail.internet.MimeMessage.updateHeaders(MimeMessage.java:2271)
	at javax.mail.internet.MimeMessage.saveChanges(MimeMessage.java:2231)
	at javax.mail.Transport.send(Transport.java:123)
	at cn.hutool.extra.mail.Mail.doSend(Mail.java:407)
	at cn.hutool.extra.mail.Mail.send(Mail.java:385)
	at cn.hutool.extra.mail.MailUtil.send(MailUtil.java:416)
	at cn.hutool.extra.mail.MailUtil.send(MailUtil.java:194)
	at cn.hutool.extra.mail.MailUtil.send(MailUtil.java:176)
	at com.onebit.beacon.handler.EmailHandler.handle(EmailHandler.java:38)
	at com.onebit.beacon.handler.Handler.doHandle(Handler.java:33)
	at com.onebit.beacon.pending.Task.run(Task.java:44)
	at java.util.concurrent.ThreadPoolExecutor.runWorker(ThreadPoolExecutor.java:1149)
	at java.util.concurrent.ThreadPoolExecutor$Worker.run(ThreadPoolExecutor.java:624)
	at java.lang.Thread.run(Thread.java:748)
, params: TaskInfo(messageTemplateId=2, businessId=2000000220220117, receiver=[15623014301], idType=10, sendChannel=40, templateType=20, msgType=30, contentModel=EmailContentModel(title=6666164180, content=null), sendAccount=10, deduplicationTime=1, isNightShield=0)
2022-01-17 15:53:14.381 [pool-13-thread-6] ERROR com.onebit.beacon.handler.EmailHandler - EmailHandler#handle fail! java.lang.NullPointerException
	at com.sun.mail.handlers.text_plain.writeTo(text_plain.java:133)
	at javax.activation.ObjectDataContentHandler.writeTo(DataHandler.java:889)
	at javax.activation.DataHandler.writeTo(DataHandler.java:317)
	at javax.mail.internet.MimeUtility.getEncoding(MimeUtility.java:340)
	at javax.mail.internet.MimeBodyPart.updateHeaders(MimeBodyPart.java:1575)
	at javax.mail.internet.MimeBodyPart.updateHeaders(MimeBodyPart.java:1172)
	at javax.mail.internet.MimeMultipart.updateHeaders(MimeMultipart.java:522)
	at javax.mail.internet.MimeBodyPart.updateHeaders(MimeBodyPart.java:1533)
	at javax.mail.internet.MimeMessage.updateHeaders(MimeMessage.java:2271)
	at javax.mail.internet.MimeMessage.saveChanges(MimeMessage.java:2231)
	at javax.mail.Transport.send(Transport.java:123)
	at cn.hutool.extra.mail.Mail.doSend(Mail.java:407)
	at cn.hutool.extra.mail.Mail.send(Mail.java:385)
	at cn.hutool.extra.mail.MailUtil.send(MailUtil.java:416)
	at cn.hutool.extra.mail.MailUtil.send(MailUtil.java:194)
	at cn.hutool.extra.mail.MailUtil.send(MailUtil.java:176)
	at com.onebit.beacon.handler.EmailHandler.handle(EmailHandler.java:38)
	at com.onebit.beacon.handler.Handler.doHandle(Handler.java:33)
	at com.onebit.beacon.pending.Task.run(Task.java:44)
	at java.util.concurrent.ThreadPoolExecutor.runWorker(ThreadPoolExecutor.java:1149)
	at java.util.concurrent.ThreadPoolExecutor$Worker.run(ThreadPoolExecutor.java:624)
	at java.lang.Thread.run(Thread.java:748)
, params: TaskInfo(messageTemplateId=2, businessId=2000000220220117, receiver=[1585962327@qq.com], idType=10, sendChannel=40, templateType=20, msgType=30, contentModel=EmailContentModel(title=6666164180, content=null), sendAccount=10, deduplicationTime=1, isNightShield=0)
2022-01-17 18:44:57.796 [pool-13-thread-4] ERROR com.onebit.beacon.handler.EmailHandler - EmailHandler#handle fail! java.lang.NullPointerException
	at com.sun.mail.handlers.text_plain.writeTo(text_plain.java:133)
	at javax.activation.ObjectDataContentHandler.writeTo(DataHandler.java:889)
	at javax.activation.DataHandler.writeTo(DataHandler.java:317)
	at javax.mail.internet.MimeUtility.getEncoding(MimeUtility.java:340)
	at javax.mail.internet.MimeBodyPart.updateHeaders(MimeBodyPart.java:1575)
	at javax.mail.internet.MimeBodyPart.updateHeaders(MimeBodyPart.java:1172)
	at javax.mail.internet.MimeMultipart.updateHeaders(MimeMultipart.java:522)
	at javax.mail.internet.MimeBodyPart.updateHeaders(MimeBodyPart.java:1533)
	at javax.mail.internet.MimeMessage.updateHeaders(MimeMessage.java:2271)
	at javax.mail.internet.MimeMessage.saveChanges(MimeMessage.java:2231)
	at javax.mail.Transport.send(Transport.java:123)
	at cn.hutool.extra.mail.Mail.doSend(Mail.java:407)
	at cn.hutool.extra.mail.Mail.send(Mail.java:385)
	at cn.hutool.extra.mail.MailUtil.send(MailUtil.java:416)
	at cn.hutool.extra.mail.MailUtil.send(MailUtil.java:194)
	at cn.hutool.extra.mail.MailUtil.send(MailUtil.java:176)
	at com.onebit.beacon.handler.EmailHandler.handle(EmailHandler.java:38)
	at com.onebit.beacon.handler.Handler.doHandle(Handler.java:33)
	at com.onebit.beacon.pending.Task.run(Task.java:44)
	at java.util.concurrent.ThreadPoolExecutor.runWorker(ThreadPoolExecutor.java:1149)
	at java.util.concurrent.ThreadPoolExecutor$Worker.run(ThreadPoolExecutor.java:624)
	at java.lang.Thread.run(Thread.java:748)
, params: TaskInfo(messageTemplateId=2, businessId=2000000220220117, receiver=[1585962327@qq.com], idType=10, sendChannel=40, templateType=20, msgType=30, contentModel=EmailContentModel(title=6666164180, content=null), sendAccount=10, deduplicationTime=1, isNightShield=0)
2022-01-17 18:52:53.872 [pool-13-thread-1] ERROR com.onebit.beacon.handler.EmailHandler - EmailHandler#handle fail! java.lang.NullPointerException
	at com.sun.mail.handlers.text_plain.writeTo(text_plain.java:133)
	at javax.activation.ObjectDataContentHandler.writeTo(DataHandler.java:889)
	at javax.activation.DataHandler.writeTo(DataHandler.java:317)
	at javax.mail.internet.MimeUtility.getEncoding(MimeUtility.java:340)
	at javax.mail.internet.MimeBodyPart.updateHeaders(MimeBodyPart.java:1575)
	at javax.mail.internet.MimeBodyPart.updateHeaders(MimeBodyPart.java:1172)
	at javax.mail.internet.MimeMultipart.updateHeaders(MimeMultipart.java:522)
	at javax.mail.internet.MimeBodyPart.updateHeaders(MimeBodyPart.java:1533)
	at javax.mail.internet.MimeMessage.updateHeaders(MimeMessage.java:2271)
	at javax.mail.internet.MimeMessage.saveChanges(MimeMessage.java:2231)
	at javax.mail.Transport.send(Transport.java:123)
	at cn.hutool.extra.mail.Mail.doSend(Mail.java:407)
	at cn.hutool.extra.mail.Mail.send(Mail.java:385)
	at cn.hutool.extra.mail.MailUtil.send(MailUtil.java:416)
	at cn.hutool.extra.mail.MailUtil.send(MailUtil.java:194)
	at cn.hutool.extra.mail.MailUtil.send(MailUtil.java:176)
	at com.onebit.beacon.handler.EmailHandler.handle(EmailHandler.java:38)
	at com.onebit.beacon.handler.Handler.doHandle(Handler.java:33)
	at com.onebit.beacon.pending.Task.run(Task.java:44)
	at java.util.concurrent.ThreadPoolExecutor.runWorker(ThreadPoolExecutor.java:1149)
	at java.util.concurrent.ThreadPoolExecutor$Worker.run(ThreadPoolExecutor.java:624)
	at java.lang.Thread.run(Thread.java:748)
, params: TaskInfo(messageTemplateId=2, businessId=2000000220220117, receiver=[1585962327@qq.com], idType=10, sendChannel=40, templateType=20, msgType=30, contentModel=EmailContentModel(title=6666164180, content=null), sendAccount=10, deduplicationTime=1, isNightShield=0)
2022-01-17 18:55:24.962 [pool-13-thread-1] ERROR com.onebit.beacon.handler.EmailHandler - EmailHandler#handle fail! cn.hutool.extra.mail.MailException: AuthenticationFailedException: 502 Invalid input from 183.94.49.45 to newxmesmtplogicsvrsza7.qq.com

	at cn.hutool.extra.mail.Mail.send(Mail.java:393)
	at cn.hutool.extra.mail.MailUtil.send(MailUtil.java:416)
	at cn.hutool.extra.mail.MailUtil.send(MailUtil.java:194)
	at cn.hutool.extra.mail.MailUtil.send(MailUtil.java:176)
	at com.onebit.beacon.handler.EmailHandler.handle(EmailHandler.java:38)
	at com.onebit.beacon.handler.Handler.doHandle(Handler.java:33)
	at com.onebit.beacon.pending.Task.run(Task.java:44)
	at java.util.concurrent.ThreadPoolExecutor.runWorker(ThreadPoolExecutor.java:1149)
	at java.util.concurrent.ThreadPoolExecutor$Worker.run(ThreadPoolExecutor.java:624)
	at java.lang.Thread.run(Thread.java:748)
Caused by: javax.mail.AuthenticationFailedException: 502 Invalid input from 183.94.49.45 to newxmesmtplogicsvrsza7.qq.com

	at com.sun.mail.smtp.SMTPTransport$Authenticator.authenticate(SMTPTransport.java:965)
	at com.sun.mail.smtp.SMTPTransport.authenticate(SMTPTransport.java:876)
	at com.sun.mail.smtp.SMTPTransport.protocolConnect(SMTPTransport.java:780)
	at javax.mail.Service.connect(Service.java:388)
	at javax.mail.Service.connect(Service.java:246)
	at javax.mail.Service.connect(Service.java:195)
	at javax.mail.Transport.send0(Transport.java:254)
	at javax.mail.Transport.send(Transport.java:124)
	at cn.hutool.extra.mail.Mail.doSend(Mail.java:407)
	at cn.hutool.extra.mail.Mail.send(Mail.java:385)
	... 9 more
, params: TaskInfo(messageTemplateId=2, businessId=2000000220220117, receiver=[1585962327@qq.com], idType=10, sendChannel=40, templateType=20, msgType=30, contentModel=EmailContentModel(title=6666164180, content=null), sendAccount=10, deduplicationTime=1, isNightShield=0)
2022-01-17 19:48:41.631 [pool-13-thread-2] ERROR com.onebit.beacon.handler.EmailHandler - EmailHandler#handle fail! cn.hutool.extra.mail.MailException: AuthenticationFailedException: 502 Invalid input from 183.94.49.45 to newxmesmtplogicsvrszc11.qq.com

	at cn.hutool.extra.mail.Mail.send(Mail.java:393)
	at cn.hutool.extra.mail.MailUtil.send(MailUtil.java:416)
	at cn.hutool.extra.mail.MailUtil.send(MailUtil.java:194)
	at cn.hutool.extra.mail.MailUtil.send(MailUtil.java:176)
	at com.onebit.beacon.handler.EmailHandler.handle(EmailHandler.java:38)
	at com.onebit.beacon.handler.Handler.doHandle(Handler.java:33)
	at com.onebit.beacon.pending.Task.run(Task.java:44)
	at java.util.concurrent.ThreadPoolExecutor.runWorker(ThreadPoolExecutor.java:1149)
	at java.util.concurrent.ThreadPoolExecutor$Worker.run(ThreadPoolExecutor.java:624)
	at java.lang.Thread.run(Thread.java:748)
Caused by: javax.mail.AuthenticationFailedException: 502 Invalid input from 183.94.49.45 to newxmesmtplogicsvrszc11.qq.com

	at com.sun.mail.smtp.SMTPTransport$Authenticator.authenticate(SMTPTransport.java:965)
	at com.sun.mail.smtp.SMTPTransport.authenticate(SMTPTransport.java:876)
	at com.sun.mail.smtp.SMTPTransport.protocolConnect(SMTPTransport.java:780)
	at javax.mail.Service.connect(Service.java:388)
	at javax.mail.Service.connect(Service.java:246)
	at javax.mail.Service.connect(Service.java:195)
	at javax.mail.Transport.send0(Transport.java:254)
	at javax.mail.Transport.send(Transport.java:124)
	at cn.hutool.extra.mail.Mail.doSend(Mail.java:407)
	at cn.hutool.extra.mail.Mail.send(Mail.java:385)
	... 9 more
, params: TaskInfo(messageTemplateId=2, businessId=2000000220220117, receiver=[1585962327@qq.com], idType=10, sendChannel=40, templateType=20, msgType=30, contentModel=EmailContentModel(title=6666164180, content=null), sendAccount=10, deduplicationTime=1, isNightShield=0)
2022-01-17 20:35:09.710 [main] ERROR o.s.b.diagnostics.LoggingFailureAnalysisReporter - 

***************************
APPLICATION FAILED TO START
***************************

Description:

Failed to configure a DataSource: 'url' attribute is not specified and no embedded datasource could be configured.

Reason: Failed to determine a suitable driver class


Action:

Consider the following:
	If you want an embedded database (H2, HSQL or Derby), please put it on the classpath.
	If you have database settings to be loaded from a particular profile you may need to activate it (no profiles are currently active).

2022-01-17 22:03:21.305 [main] ERROR o.s.b.diagnostics.LoggingFailureAnalysisReporter - 

***************************
APPLICATION FAILED TO START
***************************

Description:

Failed to configure a DataSource: 'url' attribute is not specified and no embedded datasource could be configured.

Reason: Failed to determine a suitable driver class


Action:

Consider the following:
	If you want an embedded database (H2, HSQL or Derby), please put it on the classpath.
	If you have database settings to be loaded from a particular profile you may need to activate it (no profiles are currently active).

2022-01-17 22:03:44.982 [main] ERROR org.springframework.boot.SpringApplication - Application run failed
org.yaml.snakeyaml.scanner.ScannerException: while scanning a simple key
 in 'reader', line 48, column 5:
        mail
        ^
could not find expected ':'
 in 'reader', line 49, column 5:
        host: smtp.qq.com
        ^

	at org.yaml.snakeyaml.scanner.ScannerImpl.stalePossibleSimpleKeys(ScannerImpl.java:484)
	at org.yaml.snakeyaml.scanner.ScannerImpl.needMoreTokens(ScannerImpl.java:299)
	at org.yaml.snakeyaml.scanner.ScannerImpl.checkToken(ScannerImpl.java:247)
	at org.yaml.snakeyaml.parser.ParserImpl$ParseBlockMappingKey.produce(ParserImpl.java:602)
	at org.yaml.snakeyaml.parser.ParserImpl.peekEvent(ParserImpl.java:165)
	at org.yaml.snakeyaml.comments.CommentEventsCollector$1.peek(CommentEventsCollector.java:59)
	at org.yaml.snakeyaml.comments.CommentEventsCollector$1.peek(CommentEventsCollector.java:45)
	at org.yaml.snakeyaml.comments.CommentEventsCollector.collectEvents(CommentEventsCollector.java:140)
	at org.yaml.snakeyaml.comments.CommentEventsCollector.collectEvents(CommentEventsCollector.java:119)
	at org.yaml.snakeyaml.composer.Composer.composeScalarNode(Composer.java:221)
	at org.yaml.snakeyaml.composer.Composer.composeNode(Composer.java:191)
	at org.yaml.snakeyaml.composer.Composer.composeValueNode(Composer.java:313)
	at org.yaml.snakeyaml.composer.Composer.composeMappingChildren(Composer.java:304)
	at org.yaml.snakeyaml.composer.Composer.composeMappingNode(Composer.java:288)
	at org.yaml.snakeyaml.composer.Composer.composeNode(Composer.java:195)
	at org.yaml.snakeyaml.composer.Composer.composeValueNode(Composer.java:313)
	at org.yaml.snakeyaml.composer.Composer.composeMappingChildren(Composer.java:304)
	at org.yaml.snakeyaml.composer.Composer.composeMappingNode(Composer.java:288)
	at org.yaml.snakeyaml.composer.Composer.composeNode(Composer.java:195)
	at org.yaml.snakeyaml.composer.Composer.composeValueNode(Composer.java:313)
	at org.yaml.snakeyaml.composer.Composer.composeMappingChildren(Composer.java:304)
	at org.yaml.snakeyaml.composer.Composer.composeMappingNode(Composer.java:288)
	at org.yaml.snakeyaml.composer.Composer.composeNode(Composer.java:195)
	at org.yaml.snakeyaml.composer.Composer.getNode(Composer.java:115)
	at org.yaml.snakeyaml.constructor.BaseConstructor.getData(BaseConstructor.java:135)
	at org.springframework.boot.env.OriginTrackedYamlLoader$OriginTrackingConstructor.getData(OriginTrackedYamlLoader.java:99)
	at org.yaml.snakeyaml.Yaml$1.next(Yaml.java:512)
	at org.springframework.beans.factory.config.YamlProcessor.process(YamlProcessor.java:198)
	at org.springframework.beans.factory.config.YamlProcessor.process(YamlProcessor.java:166)
	at org.springframework.boot.env.OriginTrackedYamlLoader.load(OriginTrackedYamlLoader.java:84)
	at org.springframework.boot.env.YamlPropertySourceLoader.load(YamlPropertySourceLoader.java:50)
	at org.springframework.boot.context.config.StandardConfigDataLoader.load(StandardConfigDataLoader.java:54)
	at org.springframework.boot.context.config.StandardConfigDataLoader.load(StandardConfigDataLoader.java:36)
	at org.springframework.boot.context.config.ConfigDataLoaders.load(ConfigDataLoaders.java:107)
	at org.springframework.boot.context.config.ConfigDataImporter.load(ConfigDataImporter.java:128)
	at org.springframework.boot.context.config.ConfigDataImporter.resolveAndLoad(ConfigDataImporter.java:86)
	at org.springframework.boot.context.config.ConfigDataEnvironmentContributors.withProcessedImports(ConfigDataEnvironmentContributors.java:121)
	at org.springframework.boot.context.config.ConfigDataEnvironment.processInitial(ConfigDataEnvironment.java:240)
	at org.springframework.boot.context.config.ConfigDataEnvironment.processAndApply(ConfigDataEnvironment.java:227)
	at org.springframework.boot.context.config.ConfigDataEnvironmentPostProcessor.postProcessEnvironment(ConfigDataEnvironmentPostProcessor.java:102)
	at org.springframework.boot.context.config.ConfigDataEnvironmentPostProcessor.postProcessEnvironment(ConfigDataEnvironmentPostProcessor.java:94)
	at org.springframework.boot.env.EnvironmentPostProcessorApplicationListener.onApplicationEnvironmentPreparedEvent(EnvironmentPostProcessorApplicationListener.java:102)
	at org.springframework.boot.env.EnvironmentPostProcessorApplicationListener.onApplicationEvent(EnvironmentPostProcessorApplicationListener.java:87)
	at org.springframework.context.event.SimpleApplicationEventMulticaster.doInvokeListener(SimpleApplicationEventMulticaster.java:176)
	at org.springframework.context.event.SimpleApplicationEventMulticaster.invokeListener(SimpleApplicationEventMulticaster.java:169)
	at org.springframework.context.event.SimpleApplicationEventMulticaster.multicastEvent(SimpleApplicationEventMulticaster.java:143)
	at org.springframework.context.event.SimpleApplicationEventMulticaster.multicastEvent(SimpleApplicationEventMulticaster.java:131)
	at org.springframework.boot.context.event.EventPublishingRunListener.environmentPrepared(EventPublishingRunListener.java:82)
	at org.springframework.boot.SpringApplicationRunListeners.lambda$environmentPrepared$2(SpringApplicationRunListeners.java:63)
	at java.util.ArrayList.forEach(ArrayList.java:1259)
	at org.springframework.boot.SpringApplicationRunListeners.doWithListeners(SpringApplicationRunListeners.java:117)
	at org.springframework.boot.SpringApplicationRunListeners.doWithListeners(SpringApplicationRunListeners.java:111)
	at org.springframework.boot.SpringApplicationRunListeners.environmentPrepared(SpringApplicationRunListeners.java:62)
	at org.springframework.boot.SpringApplication.prepareEnvironment(SpringApplication.java:374)
	at org.springframework.boot.SpringApplication.run(SpringApplication.java:332)
	at org.springframework.boot.SpringApplication.run(SpringApplication.java:1343)
	at org.springframework.boot.SpringApplication.run(SpringApplication.java:1332)
	at com.onebit.beacon.BeaconApplication.main(BeaconApplication.java:10)
