2022-01-16 23:51:03.919 [main] INFO  com.onebit.beacon.BeaconApplication - Starting BeaconApplication using Java 1.8.0_261 on DESKTOP-3LE026R with PID 19692 (E:\IDEA_WorkSpace\beacon\beacon-web\target\classes started by dell in E:\IDEA_WorkSpace\beacon)
2022-01-16 23:51:03.924 [main] INFO  com.onebit.beacon.BeaconApplication - No active profile set, falling back to default profiles: default
2022-01-16 23:51:06.418 [main] INFO  o.s.d.r.config.RepositoryConfigurationDelegate - Multiple Spring Data modules found, entering strict repository configuration mode!
2022-01-16 23:51:06.419 [main] INFO  o.s.d.r.config.RepositoryConfigurationDelegate - Bootstrapping Spring Data JPA repositories in DEFAULT mode.
2022-01-16 23:51:06.574 [main] INFO  o.s.d.r.config.RepositoryConfigurationDelegate - Finished Spring Data repository scanning in 146 ms. Found 2 JPA repository interfaces.
2022-01-16 23:51:06.590 [main] INFO  o.s.d.r.config.RepositoryConfigurationDelegate - Multiple Spring Data modules found, entering strict repository configuration mode!
2022-01-16 23:51:06.591 [main] INFO  o.s.d.r.config.RepositoryConfigurationDelegate - Bootstrapping Spring Data Redis repositories in DEFAULT mode.
2022-01-16 23:51:06.612 [main] INFO  o.s.d.r.c.RepositoryConfigurationExtensionSupport - Spring Data Redis - Could not safely identify store assignment for repository candidate interface com.onebit.beacon.dao.MessageTemplateDao. If you want this repository to be a Redis repository, consider annotating your entities with one of these annotations: org.springframework.data.redis.core.RedisHash (preferred), or consider extending one of the following types with your repository: org.springframework.data.keyvalue.repository.KeyValueRepository.
2022-01-16 23:51:06.612 [main] INFO  o.s.d.r.c.RepositoryConfigurationExtensionSupport - Spring Data Redis - Could not safely identify store assignment for repository candidate interface com.onebit.beacon.dao.SmsRecordDao. If you want this repository to be a Redis repository, consider annotating your entities with one of these annotations: org.springframework.data.redis.core.RedisHash (preferred), or consider extending one of the following types with your repository: org.springframework.data.keyvalue.repository.KeyValueRepository.
2022-01-16 23:51:06.613 [main] INFO  o.s.d.r.config.RepositoryConfigurationDelegate - Finished Spring Data repository scanning in 9 ms. Found 0 Redis repository interfaces.
2022-01-16 23:51:06.846 [main] INFO  c.c.f.f.internals.provider.DefaultServerProvider - Environment is set to null. Because it is not available in either (1) JVM system property 'env', (2) OS env variable 'ENV' nor (3) property 'env' from the properties InputStream.
2022-01-16 23:51:07.116 [main] INFO  o.s.c.s.PostProcessorRegistrationDelegate$BeanPostProcessorChecker - Bean 'groupIdEnhancer' of type [com.onebit.beacon.receiver.ReceiverStart$$Lambda$440/1859216983] is not eligible for getting processed by all BeanPostProcessors (for example: not eligible for auto-proxying)
2022-01-16 23:51:08.149 [main] INFO  o.s.boot.web.embedded.tomcat.TomcatWebServer - Tomcat initialized with port(s): 8080 (http)
2022-01-16 23:51:08.162 [main] INFO  org.apache.coyote.http11.Http11NioProtocol - Initializing ProtocolHandler ["http-nio-8080"]
2022-01-16 23:51:08.162 [main] INFO  org.apache.catalina.core.StandardService - Starting service [Tomcat]
2022-01-16 23:51:08.162 [main] INFO  org.apache.catalina.core.StandardEngine - Starting Servlet engine: [Apache Tomcat/9.0.54]
2022-01-16 23:51:08.415 [main] INFO  o.a.c.core.ContainerBase.[Tomcat].[localhost].[/] - Initializing Spring embedded WebApplicationContext
2022-01-16 23:51:08.416 [main] INFO  o.s.b.w.s.c.ServletWebServerApplicationContext - Root WebApplicationContext: initialization completed in 4402 ms
2022-01-16 23:51:08.746 [main] INFO  org.apache.catalina.core.StandardService - Stopping service [Tomcat]
2022-01-16 23:51:08.781 [main] INFO  o.s.b.a.l.ConditionEvaluationReportLoggingListener - 

Error starting ApplicationContext. To display the conditions report re-run your application with 'debug' enabled.
2022-01-16 23:52:12.666 [main] INFO  c.c.f.f.i.provider.DefaultApplicationProvider - App ID is set to beacon by app.id property from System Property
2022-01-16 23:52:12.672 [main] INFO  c.c.f.f.internals.provider.DefaultServerProvider - Environment is set to null. Because it is not available in either (1) JVM system property 'env', (2) OS env variable 'ENV' nor (3) property 'env' from the properties InputStream.
2022-01-16 23:52:19.144 [main] INFO  com.onebit.beacon.BeaconApplication - Starting BeaconApplication using Java 1.8.0_261 on DESKTOP-3LE026R with PID 8108 (E:\IDEA_WorkSpace\beacon\beacon-web\target\classes started by dell in E:\IDEA_WorkSpace\beacon)
2022-01-16 23:52:19.144 [main] INFO  com.onebit.beacon.BeaconApplication - No active profile set, falling back to default profiles: default
2022-01-16 23:52:21.043 [main] INFO  o.s.d.r.config.RepositoryConfigurationDelegate - Multiple Spring Data modules found, entering strict repository configuration mode!
2022-01-16 23:52:21.043 [main] INFO  o.s.d.r.config.RepositoryConfigurationDelegate - Bootstrapping Spring Data JPA repositories in DEFAULT mode.
2022-01-16 23:52:21.234 [main] INFO  o.s.d.r.config.RepositoryConfigurationDelegate - Finished Spring Data repository scanning in 178 ms. Found 2 JPA repository interfaces.
2022-01-16 23:52:21.273 [main] INFO  o.s.d.r.config.RepositoryConfigurationDelegate - Multiple Spring Data modules found, entering strict repository configuration mode!
2022-01-16 23:52:21.275 [main] INFO  o.s.d.r.config.RepositoryConfigurationDelegate - Bootstrapping Spring Data Redis repositories in DEFAULT mode.
2022-01-16 23:52:21.319 [main] INFO  o.s.d.r.c.RepositoryConfigurationExtensionSupport - Spring Data Redis - Could not safely identify store assignment for repository candidate interface com.onebit.beacon.dao.MessageTemplateDao. If you want this repository to be a Redis repository, consider annotating your entities with one of these annotations: org.springframework.data.redis.core.RedisHash (preferred), or consider extending one of the following types with your repository: org.springframework.data.keyvalue.repository.KeyValueRepository.
2022-01-16 23:52:21.319 [main] INFO  o.s.d.r.c.RepositoryConfigurationExtensionSupport - Spring Data Redis - Could not safely identify store assignment for repository candidate interface com.onebit.beacon.dao.SmsRecordDao. If you want this repository to be a Redis repository, consider annotating your entities with one of these annotations: org.springframework.data.redis.core.RedisHash (preferred), or consider extending one of the following types with your repository: org.springframework.data.keyvalue.repository.KeyValueRepository.
2022-01-16 23:52:21.319 [main] INFO  o.s.d.r.config.RepositoryConfigurationDelegate - Finished Spring Data repository scanning in 29 ms. Found 0 Redis repository interfaces.
2022-01-16 23:52:21.816 [main] INFO  o.s.c.s.PostProcessorRegistrationDelegate$BeanPostProcessorChecker - Bean 'groupIdEnhancer' of type [com.onebit.beacon.receiver.ReceiverStart$$Lambda$450/1629133067] is not eligible for getting processed by all BeanPostProcessors (for example: not eligible for auto-proxying)
2022-01-16 23:52:22.512 [main] INFO  o.s.boot.web.embedded.tomcat.TomcatWebServer - Tomcat initialized with port(s): 8080 (http)
2022-01-16 23:52:22.532 [main] INFO  org.apache.coyote.http11.Http11NioProtocol - Initializing ProtocolHandler ["http-nio-8080"]
2022-01-16 23:52:22.533 [main] INFO  org.apache.catalina.core.StandardService - Starting service [Tomcat]
2022-01-16 23:52:22.533 [main] INFO  org.apache.catalina.core.StandardEngine - Starting Servlet engine: [Apache Tomcat/9.0.54]
2022-01-16 23:52:22.824 [main] INFO  o.a.c.core.ContainerBase.[Tomcat].[localhost].[/] - Initializing Spring embedded WebApplicationContext
2022-01-16 23:52:22.824 [main] INFO  o.s.b.w.s.c.ServletWebServerApplicationContext - Root WebApplicationContext: initialization completed in 3616 ms
2022-01-16 23:52:23.335 [main] INFO  com.zaxxer.hikari.HikariDataSource - HikariPool-1 - Starting...
2022-01-16 23:52:45.758 [main] INFO  org.hibernate.jpa.internal.util.LogHelper - HHH000204: Processing PersistenceUnitInfo [name: default]
2022-01-16 23:52:46.052 [main] INFO  org.hibernate.Version - HHH000412: Hibernate ORM core version 5.4.32.Final
2022-01-16 23:52:46.400 [main] INFO  org.hibernate.annotations.common.Version - HCANN000001: Hibernate Commons Annotations {5.1.2.Final}
2022-01-16 23:52:46.554 [main] INFO  com.zaxxer.hikari.HikariDataSource - HikariPool-1 - Starting...
